l:\mie's code_2\crypto2\crypto2\x64\release\vc143.pdb
l:\mie's code_2\crypto2\crypto2\x64\release\test_unrolling.obj
l:\mie's code_2\crypto2\crypto2\x64\release\test_present_s_i.obj
l:\mie's code_2\crypto2\crypto2\x64\release\test_present_sp_i.obj
l:\mie's code_2\crypto2\crypto2\x64\release\test_present_p_i.obj
l:\mie's code_2\crypto2\crypto2\x64\release\test_present.obj
l:\mie's code_2\crypto2\crypto2\x64\release\test_openssl.obj
l:\mie's code_2\crypto2\crypto2\x64\release\test_detect.obj
l:\mie's code_2\crypto2\crypto2\x64\release\test_all.obj
l:\mie's code_2\crypto2\crypto2\x64\release\test_align.obj
l:\mie's code_2\crypto2\crypto2\x64\release\speedtest.obj
l:\mie's code_2\crypto2\crypto2\x64\release\sbox_verify.obj
l:\mie's code_2\crypto2\crypto2\x64\release\present.obj
l:\mie's code_2\crypto2\crypto2\x64\release\test_original.obj
l:\mie's code_2\crypto2\x64\release\crypto2.exe
l:\mie's code_2\crypto2\x64\release\crypto2.pdb
l:\mie's code_2\crypto2\crypto2\x64\release\crypto2.ipdb
l:\mie's code_2\crypto2\crypto2\x64\release\crypto2.iobj
l:\mie's code_2\crypto2\crypto2\x64\release\test_libtom.obj
l:\mie's code_2\crypto2\crypto2\x64\release\crypto2.tlog\cl.command.1.tlog
l:\mie's code_2\crypto2\crypto2\x64\release\crypto2.tlog\cl.items.tlog
l:\mie's code_2\crypto2\crypto2\x64\release\crypto2.tlog\cl.read.1.tlog
l:\mie's code_2\crypto2\crypto2\x64\release\crypto2.tlog\cl.write.1.tlog
l:\mie's code_2\crypto2\crypto2\x64\release\crypto2.tlog\link.command.1.tlog
l:\mie's code_2\crypto2\crypto2\x64\release\crypto2.tlog\link.read.1.tlog
l:\mie's code_2\crypto2\crypto2\x64\release\crypto2.tlog\link.secondary.1.tlog
l:\mie's code_2\crypto2\crypto2\x64\release\crypto2.tlog\link.write.1.tlog
