  speedtest.cpp
  test_align.cpp
L:\MIE's code_2\crypto2\test_align.cpp(87,45): warning C4244: “参数”: 从“uint64_t”转换到“long double”，可能丢失数据
L:\MIE's code_2\crypto2\test_align.cpp(87,20): warning C4244: “=”: 从“long double”转换到“uint64_t”，可能丢失数据
L:\MIE's code_2\crypto2\test_align.cpp(89,20): warning C4244: “=”: 从“double”转换到“uint64_t”，可能丢失数据
L:\MIE's code_2\crypto2\test_align.cpp(90,34): warning C4244: “参数”: 从“uint64_t”转换到“double”，可能丢失数据
L:\MIE's code_2\crypto2\test_align.cpp(90,30): warning C4244: “参数”: 从“uint64_t”转换到“double”，可能丢失数据
  test_all.cpp
L:\MIE's code_2\crypto2\test_all.cpp(87,45): warning C4244: “参数”: 从“uint64_t”转换到“long double”，可能丢失数据
L:\MIE's code_2\crypto2\test_all.cpp(87,20): warning C4244: “=”: 从“long double”转换到“uint64_t”，可能丢失数据
L:\MIE's code_2\crypto2\test_all.cpp(89,20): warning C4244: “=”: 从“double”转换到“uint64_t”，可能丢失数据
L:\MIE's code_2\crypto2\test_all.cpp(90,32): warning C4244: “参数”: 从“uint64_t”转换到“double”，可能丢失数据
L:\MIE's code_2\crypto2\test_all.cpp(90,28): warning C4244: “参数”: 从“uint64_t”转换到“double”，可能丢失数据
  test_original.cpp
L:\MIE's code_2\crypto2\test_original.cpp(87,45): warning C4244: “参数”: 从“uint64_t”转换到“long double”，可能丢失数据
L:\MIE's code_2\crypto2\test_original.cpp(87,20): warning C4244: “=”: 从“long double”转换到“uint64_t”，可能丢失数据
L:\MIE's code_2\crypto2\test_original.cpp(89,20): warning C4244: “=”: 从“double”转换到“uint64_t”，可能丢失数据
L:\MIE's code_2\crypto2\test_original.cpp(90,35): warning C4244: “参数”: 从“uint64_t”转换到“double”，可能丢失数据
L:\MIE's code_2\crypto2\test_original.cpp(90,31): warning C4244: “参数”: 从“uint64_t”转换到“double”，可能丢失数据
  test_openssl.cpp
L:\MIE's code_2\crypto2\test_openssl.cpp(36,25): warning C4101: “decryptKey”: 未引用的局部变量
L:\MIE's code_2\crypto2\test_openssl.cpp(33,19): warning C4101: “decryptedtext”: 未引用的局部变量
L:\MIE's code_2\crypto2\test_openssl.cpp(101,45): warning C4244: “参数”: 从“uint64_t”转换到“long double”，可能丢失数据
L:\MIE's code_2\crypto2\test_openssl.cpp(101,20): warning C4244: “=”: 从“long double”转换到“uint64_t”，可能丢失数据
L:\MIE's code_2\crypto2\test_openssl.cpp(103,20): warning C4244: “=”: 从“double”转换到“uint64_t”，可能丢失数据
L:\MIE's code_2\crypto2\test_openssl.cpp(104,36): warning C4244: “参数”: 从“uint64_t”转换到“double”，可能丢失数据
L:\MIE's code_2\crypto2\test_openssl.cpp(104,32): warning C4244: “参数”: 从“uint64_t”转换到“double”，可能丢失数据
L:\MIE's code_2\crypto2\test_openssl.cpp(81,23): warning C4101: “decryptedtext”: 未引用的局部变量
  test_unrolling.cpp
L:\MIE's code_2\crypto2\test_unrolling.cpp(87,45): warning C4244: “参数”: 从“uint64_t”转换到“long double”，可能丢失数据
L:\MIE's code_2\crypto2\test_unrolling.cpp(87,20): warning C4244: “=”: 从“long double”转换到“uint64_t”，可能丢失数据
L:\MIE's code_2\crypto2\test_unrolling.cpp(89,20): warning C4244: “=”: 从“double”转换到“uint64_t”，可能丢失数据
L:\MIE's code_2\crypto2\test_unrolling.cpp(90,38): warning C4244: “参数”: 从“uint64_t”转换到“double”，可能丢失数据
L:\MIE's code_2\crypto2\test_unrolling.cpp(90,34): warning C4244: “参数”: 从“uint64_t”转换到“double”，可能丢失数据
LINK : warning LNK4098: 默认库“LIBCMTD”与其他库的使用冲突；请使用 /NODEFAULTLIB:library
  正在生成代码
  Previous IPDB not found, fall back to full compilation.
  All 523 functions were compiled because no usable IPDB/IOBJ from previous compilation was found.
  已完成代码的生成
  crypto2.vcxproj -> L:\MIE's code_2\crypto2\x64\Release\crypto.exe
