  present.cpp
  sbox_verify.cpp
L:\MIE's code_2\crypto2\present.cpp(144,8): warning C4101: “sInput”: 未引用的局部变量
L:\MIE's code_2\crypto2\present.cpp(246,9): warning C4101: “k”: 未引用的局部变量
  speedtest.cpp
  test_align.cpp
L:\MIE's code_2\crypto2\test_align.cpp(87,45): warning C4244: “参数”: 从“uint64_t”转换到“long double”，可能丢失数据
L:\MIE's code_2\crypto2\test_align.cpp(87,20): warning C4244: “=”: 从“long double”转换到“uint64_t”，可能丢失数据
L:\MIE's code_2\crypto2\test_align.cpp(89,20): warning C4244: “=”: 从“double”转换到“uint64_t”，可能丢失数据
L:\MIE's code_2\crypto2\test_align.cpp(90,34): warning C4244: “参数”: 从“uint64_t”转换到“double”，可能丢失数据
L:\MIE's code_2\crypto2\test_align.cpp(90,30): warning C4244: “参数”: 从“uint64_t”转换到“double”，可能丢失数据
  test_all.cpp
L:\MIE's code_2\crypto2\test_all.cpp(87,45): warning C4244: “参数”: 从“uint64_t”转换到“long double”，可能丢失数据
L:\MIE's code_2\crypto2\test_all.cpp(87,20): warning C4244: “=”: 从“long double”转换到“uint64_t”，可能丢失数据
L:\MIE's code_2\crypto2\test_all.cpp(89,20): warning C4244: “=”: 从“double”转换到“uint64_t”，可能丢失数据
L:\MIE's code_2\crypto2\test_all.cpp(90,32): warning C4244: “参数”: 从“uint64_t”转换到“double”，可能丢失数据
L:\MIE's code_2\crypto2\test_all.cpp(90,28): warning C4244: “参数”: 从“uint64_t”转换到“double”，可能丢失数据
  test_original.cpp
L:\MIE's code_2\crypto2\test_original.cpp(87,45): warning C4244: “参数”: 从“uint64_t”转换到“long double”，可能丢失数据
L:\MIE's code_2\crypto2\test_original.cpp(87,20): warning C4244: “=”: 从“long double”转换到“uint64_t”，可能丢失数据
L:\MIE's code_2\crypto2\test_original.cpp(89,20): warning C4244: “=”: 从“double”转换到“uint64_t”，可能丢失数据
L:\MIE's code_2\crypto2\test_original.cpp(90,35): warning C4244: “参数”: 从“uint64_t”转换到“double”，可能丢失数据
L:\MIE's code_2\crypto2\test_original.cpp(90,31): warning C4244: “参数”: 从“uint64_t”转换到“double”，可能丢失数据
  test_openssl.cpp
L:\MIE's code_2\crypto2\test_openssl.cpp(36,25): warning C4101: “decryptKey”: 未引用的局部变量
L:\MIE's code_2\crypto2\test_openssl.cpp(33,19): warning C4101: “decryptedtext”: 未引用的局部变量
L:\MIE's code_2\crypto2\test_openssl.cpp(101,45): warning C4244: “参数”: 从“uint64_t”转换到“long double”，可能丢失数据
L:\MIE's code_2\crypto2\test_openssl.cpp(101,20): warning C4244: “=”: 从“long double”转换到“uint64_t”，可能丢失数据
L:\MIE's code_2\crypto2\test_openssl.cpp(103,20): warning C4244: “=”: 从“double”转换到“uint64_t”，可能丢失数据
L:\MIE's code_2\crypto2\test_openssl.cpp(104,36): warning C4244: “参数”: 从“uint64_t”转换到“double”，可能丢失数据
L:\MIE's code_2\crypto2\test_openssl.cpp(104,32): warning C4244: “参数”: 从“uint64_t”转换到“double”，可能丢失数据
L:\MIE's code_2\crypto2\test_openssl.cpp(81,23): warning C4101: “decryptedtext”: 未引用的局部变量
  test_unrolling.cpp
L:\MIE's code_2\crypto2\test_unrolling.cpp(87,45): warning C4244: “参数”: 从“uint64_t”转换到“long double”，可能丢失数据
L:\MIE's code_2\crypto2\test_unrolling.cpp(87,20): warning C4244: “=”: 从“long double”转换到“uint64_t”，可能丢失数据
L:\MIE's code_2\crypto2\test_unrolling.cpp(89,20): warning C4244: “=”: 从“double”转换到“uint64_t”，可能丢失数据
L:\MIE's code_2\crypto2\test_unrolling.cpp(90,38): warning C4244: “参数”: 从“uint64_t”转换到“double”，可能丢失数据
L:\MIE's code_2\crypto2\test_unrolling.cpp(90,34): warning C4244: “参数”: 从“uint64_t”转换到“double”，可能丢失数据
  正在生成代码...
speedtest.obj : error LNK2019: 无法解析的外部符号 "void __cdecl speed_detect(char *)" (?speed_detect@@YAXPEAD@Z)，函数 main 中引用了该符号
L:\MIE's code_2\crypto2\x64\Debug\crypto2.exe : fatal error LNK1120: 1 个无法解析的外部命令
